Build started 17/11/2015 12:37:54.
     1>Project "C:\Users\Thaon\documents\visual studio 2015\Projects\Ferret\Ferret\Ferret.vcxproj" on node 2 (Rebuild target(s)).
     1>ClCompile:
         C:\Program Files (x86)\Microsoft Visual Studio 14.0\VC\bin\CL.exe /c /ZI /nologo /W3 /WX- /sdl /Od /Oy- /D CODE_ANALYSIS /D WIN32 /D _DEBUG /D _CONSOLE /D _MBCS /Gm /EHsc /RTC1 /MDd /GS /fp:precise /Zc:wchar_t /Zc:forScope /Zc:inline /Fo"Debug\\" /Fd"Debug\vc140.pdb" /Gd /TP /analyze /analyze:plugin"C:\Program Files (x86)\Microsoft Visual Studio 14.0\VC\\bin\localespc.dll" /errorReport:prompt   /analyze:quiet "..\..\..\..\Visual Studio 2013\Projects\RocketGL\RocketGL\RocketGL\cWNDManager.cpp" BehaviourSystem.cpp cFont.cpp cFontMgr.cpp cInputMgr.cpp cSound.cpp cSoundMgr.cpp cTexture.cpp FerretGame.cpp HelloBehaviour.cpp InputSystem.cpp main.cpp CollisionSystem.cpp RenderSystem.cpp RocketBehaviour.cpp Scenegraph.cpp SpriteComponent.cpp windowOGL.cpp
         windowOGL.cpp
         SpriteComponent.cpp
         Scenegraph.cpp
     1>c:\users\thaon\documents\visual studio 2015\projects\ferret\ferret\rendersystem.h(12): error C2061: syntax error: identifier 'Entity'
     1>c:\users\thaon\documents\visual studio 2015\projects\ferret\ferret\rendersystem.h(13): error C2061: syntax error: identifier 'Scenegraph'
     1>c:\users\thaon\documents\visual studio 2015\projects\ferret\ferret\collision2dcomponent.h(25): warning C4244: '=': conversion from 'float' to 'LONG', possible loss of data
     1>c:\users\thaon\documents\visual studio 2015\projects\ferret\ferret\collision2dcomponent.h(26): warning C4244: '=': conversion from 'float' to 'LONG', possible loss of data
     1>c:\users\thaon\documents\visual studio 2015\projects\ferret\ferret\collision2dcomponent.h(27): warning C4244: '=': conversion from 'float' to 'LONG', possible loss of data
     1>c:\users\thaon\documents\visual studio 2015\projects\ferret\ferret\collision2dcomponent.h(28): warning C4244: '=': conversion from 'float' to 'LONG', possible loss of data
         RocketBehaviour.cpp
     1>c:\users\thaon\documents\visual studio 2015\projects\ferret\ferret\collision2dcomponent.h(25): warning C4244: '=': conversion from 'float' to 'LONG', possible loss of data
     1>c:\users\thaon\documents\visual studio 2015\projects\ferret\ferret\collision2dcomponent.h(26): warning C4244: '=': conversion from 'float' to 'LONG', possible loss of data
     1>c:\users\thaon\documents\visual studio 2015\projects\ferret\ferret\collision2dcomponent.h(27): warning C4244: '=': conversion from 'float' to 'LONG', possible loss of data
     1>c:\users\thaon\documents\visual studio 2015\projects\ferret\ferret\collision2dcomponent.h(28): warning C4244: '=': conversion from 'float' to 'LONG', possible loss of data
     1>c:\users\thaon\documents\visual studio 2015\projects\ferret\ferret\entity.h(16): error C2143: syntax error: missing ';' before '*'
     1>c:\users\thaon\documents\visual studio 2015\projects\ferret\ferret\entity.h(16): error C4430: missing type specifier - int assumed. Note: C++ does not support default-int
     1>c:\users\thaon\documents\visual studio 2015\projects\ferret\ferret\entity.h(16): error C2238: unexpected token(s) preceding ';'
     1>c:\users\thaon\documents\visual studio 2015\projects\ferret\ferret\entity.h(30): error C2061: syntax error: identifier 'BehaviourComponent'
     1>c:\users\thaon\documents\visual studio 2015\projects\ferret\ferret\entity.h(32): error C2143: syntax error: missing ';' before '*'
     1>c:\users\thaon\documents\visual studio 2015\projects\ferret\ferret\entity.h(32): error C4430: missing type specifier - int assumed. Note: C++ does not support default-int
     1>c:\users\thaon\documents\visual studio 2015\projects\ferret\ferret\entity.h(32): error C2334: unexpected token(s) preceding '{'; skipping apparent function body
     1>c:\users\thaon\documents\visual studio 2015\projects\ferret\ferret\entity.h(29): error C2065: 'behaviourComponent': undeclared identifier
     1>c:\users\thaon\documents\visual studio 2015\projects\ferret\ferret\entity.h(29): error C2061: syntax error: identifier 'BehaviourComponent'
     1>c:\users\thaon\documents\visual studio 2015\projects\ferret\ferret\entity.h(30): error C2065: 'behaviourComponent': undeclared identifier
     1>c:\users\thaon\documents\visual studio 2015\projects\ferret\ferret\entity.h(30): error C2065: 'value': undeclared identifier
     1>c:\users\thaon\documents\visual studio 2015\projects\ferret\ferret\entity.h(31): error C2065: 'behaviourComponent': undeclared identifier
         RenderSystem.cpp
     1>c:\users\thaon\documents\visual studio 2015\projects\ferret\ferret\cfont.h(20): error C2143: syntax error: missing ';' before '*'
     1>c:\users\thaon\documents\visual studio 2015\projects\ferret\ferret\cfont.h(20): error C4430: missing type specifier - int assumed. Note: C++ does not support default-int
     1>c:\users\thaon\documents\visual studio 2015\projects\ferret\ferret\cfont.h(20): error C2238: unexpected token(s) preceding ';'
     1>c:\users\thaon\documents\visual studio 2015\projects\ferret\ferret\cfont.h(24): error C2061: syntax error: identifier 'RenderSystem'
     1>c:\users\thaon\documents\visual studio 2015\projects\ferret\ferret\cfontmgr.h(18): error C2143: syntax error: missing ';' before '*'
     1>c:\users\thaon\documents\visual studio 2015\projects\ferret\ferret\cfontmgr.h(18): error C4430: missing type specifier - int assumed. Note: C++ does not support default-int
     1>c:\users\thaon\documents\visual studio 2015\projects\ferret\ferret\cfontmgr.h(18): error C2238: unexpected token(s) preceding ';'
     1>c:\users\thaon\documents\visual studio 2015\projects\ferret\ferret\cfontmgr.h(22): error C2061: syntax error: identifier 'RenderSystem'
     1>c:\users\thaon\documents\visual studio 2015\projects\ferret\ferret\cfontmgr.h(22): error C2535: 'cFontMgr::cFontMgr(void)': member function already defined or declared
         c:\users\thaon\documents\visual studio 2015\projects\ferret\ferret\cfontmgr.h(21): note: see declaration of 'cFontMgr::cFontMgr'
     1>c:\users\thaon\documents\visual studio 2015\projects\ferret\ferret\collision2dcomponent.h(25): warning C4244: '=': conversion from 'float' to 'LONG', possible loss of data
     1>c:\users\thaon\documents\visual studio 2015\projects\ferret\ferret\collision2dcomponent.h(26): warning C4244: '=': conversion from 'float' to 'LONG', possible loss of data
     1>c:\users\thaon\documents\visual studio 2015\projects\ferret\ferret\collision2dcomponent.h(27): warning C4244: '=': conversion from 'float' to 'LONG', possible loss of data
     1>c:\users\thaon\documents\visual studio 2015\projects\ferret\ferret\collision2dcomponent.h(28): warning C4244: '=': conversion from 'float' to 'LONG', possible loss of data
         CollisionSystem.cpp
     1>c:\users\thaon\documents\visual studio 2015\projects\ferret\ferret\collision2dcomponent.h(25): warning C4244: '=': conversion from 'float' to 'LONG', possible loss of data
     1>c:\users\thaon\documents\visual studio 2015\projects\ferret\ferret\collision2dcomponent.h(26): warning C4244: '=': conversion from 'float' to 'LONG', possible loss of data
     1>c:\users\thaon\documents\visual studio 2015\projects\ferret\ferret\collision2dcomponent.h(27): warning C4244: '=': conversion from 'float' to 'LONG', possible loss of data
     1>c:\users\thaon\documents\visual studio 2015\projects\ferret\ferret\collision2dcomponent.h(28): warning C4244: '=': conversion from 'float' to 'LONG', possible loss of data
     1>c:\users\thaon\documents\visual studio 2015\projects\ferret\ferret\rendersystem.h(12): error C2061: syntax error: identifier 'Entity'
     1>c:\users\thaon\documents\visual studio 2015\projects\ferret\ferret\rendersystem.h(13): error C2061: syntax error: identifier 'Scenegraph'
         main.cpp
     1>c:\users\thaon\documents\visual studio 2015\projects\ferret\ferret\cfont.h(20): error C2143: syntax error: missing ';' before '*'
     1>c:\users\thaon\documents\visual studio 2015\projects\ferret\ferret\cfont.h(20): error C4430: missing type specifier - int assumed. Note: C++ does not support default-int
     1>c:\users\thaon\documents\visual studio 2015\projects\ferret\ferret\cfont.h(20): error C2238: unexpected token(s) preceding ';'
     1>c:\users\thaon\documents\visual studio 2015\projects\ferret\ferret\cfont.h(24): error C2061: syntax error: identifier 'RenderSystem'
     1>c:\users\thaon\documents\visual studio 2015\projects\ferret\ferret\cfontmgr.h(18): error C2143: syntax error: missing ';' before '*'
     1>c:\users\thaon\documents\visual studio 2015\projects\ferret\ferret\cfontmgr.h(18): error C4430: missing type specifier - int assumed. Note: C++ does not support default-int
     1>c:\users\thaon\documents\visual studio 2015\projects\ferret\ferret\cfontmgr.h(18): error C2238: unexpected token(s) preceding ';'
     1>c:\users\thaon\documents\visual studio 2015\projects\ferret\ferret\cfontmgr.h(22): error C2061: syntax error: identifier 'RenderSystem'
     1>c:\users\thaon\documents\visual studio 2015\projects\ferret\ferret\cfontmgr.h(22): error C2535: 'cFontMgr::cFontMgr(void)': member function already defined or declared
         c:\users\thaon\documents\visual studio 2015\projects\ferret\ferret\cfontmgr.h(21): note: see declaration of 'cFontMgr::cFontMgr'
     1>c:\users\thaon\documents\visual studio 2015\projects\ferret\ferret\collision2dcomponent.h(25): warning C4244: '=': conversion from 'float' to 'LONG', possible loss of data
     1>c:\users\thaon\documents\visual studio 2015\projects\ferret\ferret\collision2dcomponent.h(26): warning C4244: '=': conversion from 'float' to 'LONG', possible loss of data
     1>c:\users\thaon\documents\visual studio 2015\projects\ferret\ferret\collision2dcomponent.h(27): warning C4244: '=': conversion from 'float' to 'LONG', possible loss of data
     1>c:\users\thaon\documents\visual studio 2015\projects\ferret\ferret\collision2dcomponent.h(28): warning C4244: '=': conversion from 'float' to 'LONG', possible loss of data
         InputSystem.cpp
         HelloBehaviour.cpp
     1>c:\users\thaon\documents\visual studio 2015\projects\ferret\ferret\collision2dcomponent.h(25): warning C4244: '=': conversion from 'float' to 'LONG', possible loss of data
     1>c:\users\thaon\documents\visual studio 2015\projects\ferret\ferret\collision2dcomponent.h(26): warning C4244: '=': conversion from 'float' to 'LONG', possible loss of data
     1>c:\users\thaon\documents\visual studio 2015\projects\ferret\ferret\collision2dcomponent.h(27): warning C4244: '=': conversion from 'float' to 'LONG', possible loss of data
     1>c:\users\thaon\documents\visual studio 2015\projects\ferret\ferret\collision2dcomponent.h(28): warning C4244: '=': conversion from 'float' to 'LONG', possible loss of data
     1>c:\users\thaon\documents\visual studio 2015\projects\ferret\ferret\entity.h(16): error C2143: syntax error: missing ';' before '*'
     1>c:\users\thaon\documents\visual studio 2015\projects\ferret\ferret\entity.h(16): error C4430: missing type specifier - int assumed. Note: C++ does not support default-int
     1>c:\users\thaon\documents\visual studio 2015\projects\ferret\ferret\entity.h(16): error C2238: unexpected token(s) preceding ';'
     1>c:\users\thaon\documents\visual studio 2015\projects\ferret\ferret\entity.h(30): error C2061: syntax error: identifier 'BehaviourComponent'
     1>c:\users\thaon\documents\visual studio 2015\projects\ferret\ferret\entity.h(32): error C2143: syntax error: missing ';' before '*'
     1>c:\users\thaon\documents\visual studio 2015\projects\ferret\ferret\entity.h(32): error C4430: missing type specifier - int assumed. Note: C++ does not support default-int
     1>c:\users\thaon\documents\visual studio 2015\projects\ferret\ferret\entity.h(32): error C2334: unexpected token(s) preceding '{'; skipping apparent function body
     1>c:\users\thaon\documents\visual studio 2015\projects\ferret\ferret\entity.h(29): error C2065: 'behaviourComponent': undeclared identifier
     1>c:\users\thaon\documents\visual studio 2015\projects\ferret\ferret\entity.h(29): error C2061: syntax error: identifier 'BehaviourComponent'
     1>c:\users\thaon\documents\visual studio 2015\projects\ferret\ferret\entity.h(30): error C2065: 'behaviourComponent': undeclared identifier
     1>c:\users\thaon\documents\visual studio 2015\projects\ferret\ferret\entity.h(30): error C2065: 'value': undeclared identifier
     1>c:\users\thaon\documents\visual studio 2015\projects\ferret\ferret\entity.h(31): error C2065: 'behaviourComponent': undeclared identifier
         FerretGame.cpp
     1>c:\users\thaon\documents\visual studio 2015\projects\ferret\ferret\cfont.h(20): error C2143: syntax error: missing ';' before '*'
     1>c:\users\thaon\documents\visual studio 2015\projects\ferret\ferret\cfont.h(20): error C4430: missing type specifier - int assumed. Note: C++ does not support default-int
     1>c:\users\thaon\documents\visual studio 2015\projects\ferret\ferret\cfont.h(20): error C2238: unexpected token(s) preceding ';'
     1>c:\users\thaon\documents\visual studio 2015\projects\ferret\ferret\cfont.h(24): error C2061: syntax error: identifier 'RenderSystem'
     1>c:\users\thaon\documents\visual studio 2015\projects\ferret\ferret\cfontmgr.h(18): error C2143: syntax error: missing ';' before '*'
     1>c:\users\thaon\documents\visual studio 2015\projects\ferret\ferret\cfontmgr.h(18): error C4430: missing type specifier - int assumed. Note: C++ does not support default-int
     1>c:\users\thaon\documents\visual studio 2015\projects\ferret\ferret\cfontmgr.h(18): error C2238: unexpected token(s) preceding ';'
     1>c:\users\thaon\documents\visual studio 2015\projects\ferret\ferret\cfontmgr.h(22): error C2061: syntax error: identifier 'RenderSystem'
     1>c:\users\thaon\documents\visual studio 2015\projects\ferret\ferret\cfontmgr.h(22): error C2535: 'cFontMgr::cFontMgr(void)': member function already defined or declared
         c:\users\thaon\documents\visual studio 2015\projects\ferret\ferret\cfontmgr.h(21): note: see declaration of 'cFontMgr::cFontMgr'
     1>c:\users\thaon\documents\visual studio 2015\projects\ferret\ferret\collision2dcomponent.h(25): warning C4244: '=': conversion from 'float' to 'LONG', possible loss of data
     1>c:\users\thaon\documents\visual studio 2015\projects\ferret\ferret\collision2dcomponent.h(26): warning C4244: '=': conversion from 'float' to 'LONG', possible loss of data
     1>c:\users\thaon\documents\visual studio 2015\projects\ferret\ferret\collision2dcomponent.h(27): warning C4244: '=': conversion from 'float' to 'LONG', possible loss of data
     1>c:\users\thaon\documents\visual studio 2015\projects\ferret\ferret\collision2dcomponent.h(28): warning C4244: '=': conversion from 'float' to 'LONG', possible loss of data
     1>c:\users\thaon\documents\visual studio 2015\projects\ferret\ferret\ferretgame.cpp(55): error C2664: 'cFontMgr::cFontMgr(const cFontMgr &)': cannot convert argument 1 from 'RenderSystem *' to 'const cFontMgr &'
         c:\users\thaon\documents\visual studio 2015\projects\ferret\ferret\ferretgame.cpp(55): note: Reason: cannot convert from 'RenderSystem *' to 'const cFontMgr'
         c:\users\thaon\documents\visual studio 2015\projects\ferret\ferret\ferretgame.cpp(55): note: No constructor could take the source type, or constructor overload resolution was ambiguous
     1>c:\users\thaon\documents\visual studio 2015\projects\ferret\ferret\ferretgame.cpp(58): error C2248: 'cSoundMgr::cSoundMgr': cannot access protected member declared in class 'cSoundMgr'
         c:\users\thaon\documents\visual studio 2015\projects\ferret\ferret\csoundmgr.h(21): note: see declaration of 'cSoundMgr::cSoundMgr'
         c:\users\thaon\documents\visual studio 2015\projects\ferret\ferret\csoundmgr.h(15): note: see declaration of 'cSoundMgr'
         cTexture.cpp
         cSoundMgr.cpp
         cSound.cpp
         cInputMgr.cpp
         cFontMgr.cpp
     1>c:\users\thaon\documents\visual studio 2015\projects\ferret\ferret\behaviourcomponent.h(16): error C2143: syntax error: missing ';' before '*'
     1>c:\users\thaon\documents\visual studio 2015\projects\ferret\ferret\behaviourcomponent.h(16): error C4430: missing type specifier - int assumed. Note: C++ does not support default-int
     1>c:\users\thaon\documents\visual studio 2015\projects\ferret\ferret\behaviourcomponent.h(16): error C2238: unexpected token(s) preceding ';'
     1>c:\users\thaon\documents\visual studio 2015\projects\ferret\ferret\behaviourcomponent.h(25): error C2061: syntax error: identifier 'cFontMgr'
     1>c:\users\thaon\documents\visual studio 2015\projects\ferret\ferret\behaviourcomponent.h(26): error C2143: syntax error: missing ';' before '*'
     1>c:\users\thaon\documents\visual studio 2015\projects\ferret\ferret\behaviourcomponent.h(26): error C4430: missing type specifier - int assumed. Note: C++ does not support default-int
     1>c:\users\thaon\documents\visual studio 2015\projects\ferret\ferret\behaviourcomponent.h(26): error C2334: unexpected token(s) preceding '{'; skipping apparent function body
     1>c:\users\thaon\documents\visual studio 2015\projects\ferret\ferret\behaviourcomponent.h(25): error C2065: 'm_text': undeclared identifier
     1>c:\users\thaon\documents\visual studio 2015\projects\ferret\ferret\behaviourcomponent.h(25): error C2065: 'value': undeclared identifier
     1>c:\users\thaon\documents\visual studio 2015\projects\ferret\ferret\collision2dcomponent.h(25): warning C4244: '=': conversion from 'float' to 'LONG', possible loss of data
     1>c:\users\thaon\documents\visual studio 2015\projects\ferret\ferret\collision2dcomponent.h(26): warning C4244: '=': conversion from 'float' to 'LONG', possible loss of data
     1>c:\users\thaon\documents\visual studio 2015\projects\ferret\ferret\collision2dcomponent.h(27): warning C4244: '=': conversion from 'float' to 'LONG', possible loss of data
     1>c:\users\thaon\documents\visual studio 2015\projects\ferret\ferret\collision2dcomponent.h(28): warning C4244: '=': conversion from 'float' to 'LONG', possible loss of data
         cFont.cpp
     1>c:\users\thaon\documents\visual studio 2015\projects\ferret\ferret\cfontmgr.h(17): error C2065: 'cFont': undeclared identifier
     1>c:\users\thaon\documents\visual studio 2015\projects\ferret\ferret\cfontmgr.h(17): error C2059: syntax error: '>'
     1>c:\users\thaon\documents\visual studio 2015\projects\ferret\ferret\cfontmgr.h(17): error C2976: 'std::map': too few template arguments
         c:\program files (x86)\microsoft visual studio 14.0\vc\include\map(72): note: see declaration of 'std::map'
     1>c:\users\thaon\documents\visual studio 2015\projects\ferret\ferret\cfontmgr.h(18): error C2143: syntax error: missing ';' before '*'
     1>c:\users\thaon\documents\visual studio 2015\projects\ferret\ferret\cfontmgr.h(18): error C4430: missing type specifier - int assumed. Note: C++ does not support default-int
     1>c:\users\thaon\documents\visual studio 2015\projects\ferret\ferret\cfontmgr.h(18): error C2238: unexpected token(s) preceding ';'
     1>c:\users\thaon\documents\visual studio 2015\projects\ferret\ferret\cfontmgr.h(22): error C2061: syntax error: identifier 'RenderSystem'
     1>c:\users\thaon\documents\visual studio 2015\projects\ferret\ferret\cfontmgr.h(22): error C2535: 'cFontMgr::cFontMgr(void)': member function already defined or declared
         c:\users\thaon\documents\visual studio 2015\projects\ferret\ferret\cfontmgr.h(21): note: see declaration of 'cFontMgr::cFontMgr'
     1>c:\users\thaon\documents\visual studio 2015\projects\ferret\ferret\cfontmgr.h(25): error C2143: syntax error: missing ';' before '*'
     1>c:\users\thaon\documents\visual studio 2015\projects\ferret\ferret\cfontmgr.h(25): error C4430: missing type specifier - int assumed. Note: C++ does not support default-int
     1>c:\users\thaon\documents\visual studio 2015\projects\ferret\ferret\cfontmgr.h(25): error C2238: unexpected token(s) preceding ';'
     1>c:\users\thaon\documents\visual studio 2015\projects\ferret\ferret\collision2dcomponent.h(25): warning C4244: '=': conversion from 'float' to 'LONG', possible loss of data
     1>c:\users\thaon\documents\visual studio 2015\projects\ferret\ferret\collision2dcomponent.h(26): warning C4244: '=': conversion from 'float' to 'LONG', possible loss of data
     1>c:\users\thaon\documents\visual studio 2015\projects\ferret\ferret\collision2dcomponent.h(27): warning C4244: '=': conversion from 'float' to 'LONG', possible loss of data
     1>c:\users\thaon\documents\visual studio 2015\projects\ferret\ferret\collision2dcomponent.h(28): warning C4244: '=': conversion from 'float' to 'LONG', possible loss of data
         BehaviourSystem.cpp
     1>c:\users\thaon\documents\visual studio 2015\projects\ferret\ferret\collision2dcomponent.h(25): warning C4244: '=': conversion from 'float' to 'LONG', possible loss of data
     1>c:\users\thaon\documents\visual studio 2015\projects\ferret\ferret\collision2dcomponent.h(26): warning C4244: '=': conversion from 'float' to 'LONG', possible loss of data
     1>c:\users\thaon\documents\visual studio 2015\projects\ferret\ferret\collision2dcomponent.h(27): warning C4244: '=': conversion from 'float' to 'LONG', possible loss of data
     1>c:\users\thaon\documents\visual studio 2015\projects\ferret\ferret\collision2dcomponent.h(28): warning C4244: '=': conversion from 'float' to 'LONG', possible loss of data
     1>c:\users\thaon\documents\visual studio 2015\projects\ferret\ferret\entity.h(16): error C2143: syntax error: missing ';' before '*'
     1>c:\users\thaon\documents\visual studio 2015\projects\ferret\ferret\entity.h(16): error C4430: missing type specifier - int assumed. Note: C++ does not support default-int
     1>c:\users\thaon\documents\visual studio 2015\projects\ferret\ferret\entity.h(16): error C2238: unexpected token(s) preceding ';'
     1>c:\users\thaon\documents\visual studio 2015\projects\ferret\ferret\entity.h(30): error C2061: syntax error: identifier 'BehaviourComponent'
     1>c:\users\thaon\documents\visual studio 2015\projects\ferret\ferret\entity.h(32): error C2143: syntax error: missing ';' before '*'
     1>c:\users\thaon\documents\visual studio 2015\projects\ferret\ferret\entity.h(32): error C4430: missing type specifier - int assumed. Note: C++ does not support default-int
     1>c:\users\thaon\documents\visual studio 2015\projects\ferret\ferret\entity.h(32): error C2334: unexpected token(s) preceding '{'; skipping apparent function body
     1>c:\users\thaon\documents\visual studio 2015\projects\ferret\ferret\entity.h(29): error C2065: 'behaviourComponent': undeclared identifier
     1>c:\users\thaon\documents\visual studio 2015\projects\ferret\ferret\entity.h(29): error C2061: syntax error: identifier 'BehaviourComponent'
     1>c:\users\thaon\documents\visual studio 2015\projects\ferret\ferret\entity.h(30): error C2065: 'behaviourComponent': undeclared identifier
     1>c:\users\thaon\documents\visual studio 2015\projects\ferret\ferret\entity.h(30): error C2065: 'value': undeclared identifier
     1>c:\users\thaon\documents\visual studio 2015\projects\ferret\ferret\entity.h(31): error C2065: 'behaviourComponent': undeclared identifier
     1>c:\users\thaon\documents\visual studio 2015\projects\ferret\ferret\behavioursystem.cpp(19): error C2039: 'GetBehaviour': is not a member of 'Entity'
         c:\users\thaon\documents\visual studio 2015\projects\ferret\ferret\behaviourcomponent.h(10): note: see declaration of 'Entity'
     1>c:\users\thaon\documents\visual studio 2015\projects\ferret\ferret\behavioursystem.cpp(22): error C2039: 'GetBehaviour': is not a member of 'Entity'
         c:\users\thaon\documents\visual studio 2015\projects\ferret\ferret\behaviourcomponent.h(10): note: see declaration of 'Entity'
     1>c:\users\thaon\documents\visual studio 2015\projects\ferret\ferret\behavioursystem.cpp(22): error C2227: left of '->SetInput' must point to class/struct/union/generic type
     1>c:\users\thaon\documents\visual studio 2015\projects\ferret\ferret\behavioursystem.cpp(23): error C2039: 'GetBehaviour': is not a member of 'Entity'
         c:\users\thaon\documents\visual studio 2015\projects\ferret\ferret\behaviourcomponent.h(10): note: see declaration of 'Entity'
     1>c:\users\thaon\documents\visual studio 2015\projects\ferret\ferret\behavioursystem.cpp(23): error C2227: left of '->SetFontMgr' must point to class/struct/union/generic type
     1>c:\users\thaon\documents\visual studio 2015\projects\ferret\ferret\behavioursystem.cpp(24): error C2039: 'GetBehaviour': is not a member of 'Entity'
         c:\users\thaon\documents\visual studio 2015\projects\ferret\ferret\behaviourcomponent.h(10): note: see declaration of 'Entity'
     1>c:\users\thaon\documents\visual studio 2015\projects\ferret\ferret\behavioursystem.cpp(24): error C2227: left of '->SetSoundMgr' must point to class/struct/union/generic type
     1>c:\users\thaon\documents\visual studio 2015\projects\ferret\ferret\behavioursystem.cpp(25): error C2039: 'GetBehaviour': is not a member of 'Entity'
         c:\users\thaon\documents\visual studio 2015\projects\ferret\ferret\behaviourcomponent.h(10): note: see declaration of 'Entity'
     1>c:\users\thaon\documents\visual studio 2015\projects\ferret\ferret\behavioursystem.cpp(25): error C2227: left of '->SetTransform' must point to class/struct/union/generic type
     1>c:\users\thaon\documents\visual studio 2015\projects\ferret\ferret\behavioursystem.cpp(26): error C2039: 'GetBehaviour': is not a member of 'Entity'
         c:\users\thaon\documents\visual studio 2015\projects\ferret\ferret\behaviourcomponent.h(10): note: see declaration of 'Entity'
     1>c:\users\thaon\documents\visual studio 2015\projects\ferret\ferret\behavioursystem.cpp(26): error C2227: left of '->SetSpriteComponent' must point to class/struct/union/generic type
     1>c:\users\thaon\documents\visual studio 2015\projects\ferret\ferret\behavioursystem.cpp(27): error C2039: 'GetBehaviour': is not a member of 'Entity'
         c:\users\thaon\documents\visual studio 2015\projects\ferret\ferret\behaviourcomponent.h(10): note: see declaration of 'Entity'
     1>c:\users\thaon\documents\visual studio 2015\projects\ferret\ferret\behavioursystem.cpp(27): error C2227: left of '->Start' must point to class/struct/union/generic type
     1>c:\users\thaon\documents\visual studio 2015\projects\ferret\ferret\behavioursystem.cpp(36): error C2039: 'GetBehaviour': is not a member of 'Entity'
         c:\users\thaon\documents\visual studio 2015\projects\ferret\ferret\behaviourcomponent.h(10): note: see declaration of 'Entity'
     1>c:\users\thaon\documents\visual studio 2015\projects\ferret\ferret\behavioursystem.cpp(38): error C2039: 'GetBehaviour': is not a member of 'Entity'
         c:\users\thaon\documents\visual studio 2015\projects\ferret\ferret\behaviourcomponent.h(10): note: see declaration of 'Entity'
     1>c:\users\thaon\documents\visual studio 2015\projects\ferret\ferret\behavioursystem.cpp(38): error C2227: left of '->Update' must point to class/struct/union/generic type
         cWNDManager.cpp
         Running Code Analysis for C/C++...
         Generating Code...
     1>Done Building Project "C:\Users\Thaon\documents\visual studio 2015\Projects\Ferret\Ferret\Ferret.vcxproj" (Rebuild target(s)) -- FAILED.

Build FAILED.

Time Elapsed 00:00:59.86
