c:\users\thaon\documents\visual studio 2015\projects\ferret\debug\ferret.bsc
c:\users\thaon\documents\visual studio 2015\projects\ferret\ferret\debug\vc120.pdb
c:\users\thaon\documents\visual studio 2015\projects\ferret\ferret\debug\vc120.idb
c:\users\thaon\documents\visual studio 2015\projects\ferret\ferret\debug\windowogl.sbr
c:\users\thaon\documents\visual studio 2015\projects\ferret\ferret\debug\spritecomponent.sbr
c:\users\thaon\documents\visual studio 2015\projects\ferret\ferret\debug\scenegraph.sbr
c:\users\thaon\documents\visual studio 2015\projects\ferret\ferret\debug\rocketbehaviour.sbr
c:\users\thaon\documents\visual studio 2015\projects\ferret\ferret\debug\rendersystem.sbr
c:\users\thaon\documents\visual studio 2015\projects\ferret\ferret\debug\pointscounterbehaviour.sbr
c:\users\thaon\documents\visual studio 2015\projects\ferret\ferret\debug\playerbehaviour.sbr
c:\users\thaon\documents\visual studio 2015\projects\ferret\ferret\debug\collisionsystem.sbr
c:\users\thaon\documents\visual studio 2015\projects\ferret\ferret\debug\main.sbr
c:\users\thaon\documents\visual studio 2015\projects\ferret\ferret\debug\inputsystem.sbr
c:\users\thaon\documents\visual studio 2015\projects\ferret\ferret\debug\hellobehaviour.sbr
c:\users\thaon\documents\visual studio 2015\projects\ferret\ferret\debug\ferretgame.sbr
c:\users\thaon\documents\visual studio 2015\projects\ferret\ferret\debug\cwndmanager.sbr
c:\users\thaon\documents\visual studio 2015\projects\ferret\ferret\debug\ctexture.sbr
c:\users\thaon\documents\visual studio 2015\projects\ferret\ferret\debug\csoundmgr.sbr
c:\users\thaon\documents\visual studio 2015\projects\ferret\ferret\debug\csound.sbr
c:\users\thaon\documents\visual studio 2015\projects\ferret\ferret\debug\cinputmgr.sbr
c:\users\thaon\documents\visual studio 2015\projects\ferret\ferret\debug\cfontmgr.sbr
c:\users\thaon\documents\visual studio 2015\projects\ferret\ferret\debug\cfont.sbr
c:\users\thaon\documents\visual studio 2015\projects\ferret\ferret\debug\camera.sbr
c:\users\thaon\documents\visual studio 2015\projects\ferret\ferret\debug\camera.obj
c:\users\thaon\documents\visual studio 2015\projects\ferret\ferret\debug\cfont.obj
c:\users\thaon\documents\visual studio 2015\projects\ferret\ferret\debug\cfontmgr.obj
c:\users\thaon\documents\visual studio 2015\projects\ferret\ferret\debug\cinputmgr.obj
c:\users\thaon\documents\visual studio 2015\projects\ferret\ferret\debug\csound.obj
c:\users\thaon\documents\visual studio 2015\projects\ferret\ferret\debug\csoundmgr.obj
c:\users\thaon\documents\visual studio 2015\projects\ferret\ferret\debug\ctexture.obj
c:\users\thaon\documents\visual studio 2015\projects\ferret\ferret\debug\cwndmanager.obj
c:\users\thaon\documents\visual studio 2015\projects\ferret\ferret\debug\ferretgame.obj
c:\users\thaon\documents\visual studio 2015\projects\ferret\ferret\debug\hellobehaviour.obj
c:\users\thaon\documents\visual studio 2015\projects\ferret\ferret\debug\inputsystem.obj
c:\users\thaon\documents\visual studio 2015\projects\ferret\ferret\debug\main.obj
c:\users\thaon\documents\visual studio 2015\projects\ferret\ferret\debug\collisionsystem.obj
c:\users\thaon\documents\visual studio 2015\projects\ferret\ferret\debug\playerbehaviour.obj
c:\users\thaon\documents\visual studio 2015\projects\ferret\ferret\debug\pointscounterbehaviour.obj
c:\users\thaon\documents\visual studio 2015\projects\ferret\ferret\debug\rendersystem.obj
c:\users\thaon\documents\visual studio 2015\projects\ferret\ferret\debug\rocketbehaviour.obj
c:\users\thaon\documents\visual studio 2015\projects\ferret\ferret\debug\scenegraph.obj
c:\users\thaon\documents\visual studio 2015\projects\ferret\ferret\debug\spritecomponent.obj
c:\users\thaon\documents\visual studio 2015\projects\ferret\ferret\debug\windowogl.obj
c:\users\thaon\documents\visual studio 2015\projects\ferret\ferret\debug\behavioursystem.sbr
c:\users\thaon\documents\visual studio 2015\projects\ferret\ferret\debug\ball.sbr
c:\users\thaon\documents\visual studio 2015\projects\ferret\ferret\debug\aibehaviour.sbr
c:\users\thaon\documents\visual studio 2015\projects\ferret\ferret\debug\aibehaviour.obj
c:\users\thaon\documents\visual studio 2015\projects\ferret\ferret\debug\ball.obj
c:\users\thaon\documents\visual studio 2015\projects\ferret\ferret\debug\behavioursystem.obj
c:\users\thaon\documents\visual studio 2015\projects\ferret\ferret\debug\vc140.pdb
c:\users\thaon\documents\visual studio 2015\projects\ferret\ferret\debug\menubehaviour.sbr
c:\users\thaon\documents\visual studio 2015\projects\ferret\ferret\debug\menubehaviour.obj
c:\users\thaon\documents\visual studio 2015\projects\ferret\ferret\debug\vc140.idb
c:\users\thaon\documents\visual studio 2015\projects\ferret\ferret\debug\winscreenbehaviour.sbr
c:\users\thaon\documents\visual studio 2015\projects\ferret\ferret\debug\losescreenbehaviour.sbr
c:\users\thaon\documents\visual studio 2015\projects\ferret\ferret\debug\losescreenbehaviour.obj
c:\users\thaon\documents\visual studio 2015\projects\ferret\ferret\debug\winscreenbehaviour.obj
c:\users\thaon\documents\visual studio 2015\projects\ferret\debug\ferret.ilk
c:\users\thaon\documents\visual studio 2015\projects\ferret\debug\ferret.exe
c:\users\thaon\documents\visual studio 2015\projects\ferret\debug\ferret.pdb
c:\users\thaon\documents\visual studio 2015\projects\ferret\ferret\debug\ferret.tlog\bscmake.command.1.tlog
c:\users\thaon\documents\visual studio 2015\projects\ferret\ferret\debug\ferret.tlog\bscmake.read.1.tlog
c:\users\thaon\documents\visual studio 2015\projects\ferret\ferret\debug\ferret.tlog\bscmake.write.1.tlog
c:\users\thaon\documents\visual studio 2015\projects\ferret\ferret\debug\ferret.tlog\cl.command.1.tlog
c:\users\thaon\documents\visual studio 2015\projects\ferret\ferret\debug\ferret.tlog\cl.read.1.tlog
c:\users\thaon\documents\visual studio 2015\projects\ferret\ferret\debug\ferret.tlog\cl.write.1.tlog
c:\users\thaon\documents\visual studio 2015\projects\ferret\ferret\debug\ferret.tlog\link.command.1.tlog
c:\users\thaon\documents\visual studio 2015\projects\ferret\ferret\debug\ferret.tlog\link.read.1.tlog
c:\users\thaon\documents\visual studio 2015\projects\ferret\ferret\debug\ferret.tlog\link.write.1.tlog
